Sun Mar 26 19:03:09 KST 2017 : DbConn Instance Create!

Sun Mar 26 19:03:09 KST 2017 : auto set success!

Sun Mar 26 19:03:09 KST 2017 : Driver Search Success!

Sun Mar 26 19:03:10 KST 2017 : Conn Create Success!

Sun Mar 26 19:03:10 KST 2017 : PreparedStatement Create success!

Sun Mar 26 19:04:30 KST 2017 : DbConn Instance Create!

Sun Mar 26 19:04:30 KST 2017 : auto set success!

Sun Mar 26 19:04:30 KST 2017 : Driver Search Success!

Sun Mar 26 19:04:30 KST 2017 : Conn Create Success!

Sun Mar 26 19:04:30 KST 2017 : PreparedStatement Create success!

Sun Mar 26 19:28:14 KST 2017 : DbConn Instance Create!

Sun Mar 26 19:28:14 KST 2017 : auto set success!

Sun Mar 26 19:28:14 KST 2017 : Driver Search Success!

Sun Mar 26 19:28:14 KST 2017 : Conn Create Success!

Sun Mar 26 19:28:14 KST 2017 : PreparedStatement Create success!

Sun Mar 26 19:30:48 KST 2017 : DbConn Instance Create!

Sun Mar 26 19:30:48 KST 2017 : auto set success!

Sun Mar 26 19:30:48 KST 2017 : Driver Search Success!

Sun Mar 26 19:30:48 KST 2017 : Conn Create Success!

Sun Mar 26 19:30:48 KST 2017 : PreparedStatement Create success!

Sun Mar 26 19:30:48 KST 2017 : DbConn Instance Create!

Sun Mar 26 19:30:48 KST 2017 : auto set success!

Sun Mar 26 19:30:48 KST 2017 : Driver Search Success!

Sun Mar 26 19:30:48 KST 2017 : Conn Create Success!

Sun Mar 26 19:30:48 KST 2017 : PreparedStatement Create success!

Sun Mar 26 19:30:49 KST 2017 : DbConn Instance Create!

Sun Mar 26 19:30:49 KST 2017 : auto set success!

Sun Mar 26 19:30:49 KST 2017 : Driver Search Success!

Sun Mar 26 19:30:49 KST 2017 : Conn Create Success!

Sun Mar 26 19:30:49 KST 2017 : PreparedStatement Create success!

Sun Mar 26 19:35:20 KST 2017 : DbConn Instance Create!

Sun Mar 26 19:35:20 KST 2017 : auto set success!

Sun Mar 26 19:35:20 KST 2017 : Driver Search Success!

Sun Mar 26 19:35:20 KST 2017 : Conn Create Success!

Sun Mar 26 19:35:20 KST 2017 : PreparedStatement Create success!

Sun Mar 26 20:24:56 KST 2017 : DbConn Instance Create!

Sun Mar 26 20:24:56 KST 2017 : auto set success!

Sun Mar 26 20:24:56 KST 2017 : Driver Search Success!

Sun Mar 26 20:24:57 KST 2017 : Conn Create Success!

Sun Mar 26 20:24:57 KST 2017 : PreparedStatement Create success!

Sun Mar 26 20:26:47 KST 2017 : DbConn Instance Create!

Sun Mar 26 20:26:47 KST 2017 : auto set success!

Sun Mar 26 20:26:47 KST 2017 : Driver Search Success!

Sun Mar 26 20:26:47 KST 2017 : Conn Create Success!

Sun Mar 26 20:26:47 KST 2017 : PreparedStatement Create success!

Sun Mar 26 20:26:47 KST 2017 : PreparedStatement Create success!

Sun Mar 26 20:27:29 KST 2017 : DbConn Instance Create!

Sun Mar 26 20:27:29 KST 2017 : auto set success!

Sun Mar 26 20:27:29 KST 2017 : Driver Search Success!

Sun Mar 26 20:27:29 KST 2017 : Conn Create Success!

Sun Mar 26 20:27:29 KST 2017 : PreparedStatement Create success!

Sun Mar 26 20:27:29 KST 2017 : PreparedStatement Create success!

Sun Mar 26 20:31:22 KST 2017 : DbConn Instance Create!

Sun Mar 26 20:31:22 KST 2017 : auto set success!

Sun Mar 26 20:31:22 KST 2017 : Driver Search Success!

Sun Mar 26 20:31:22 KST 2017 : Conn Create Success!

Sun Mar 26 20:31:22 KST 2017 : PreparedStatement Create success!

Sun Mar 26 20:31:22 KST 2017 : PreparedStatement Create success!

Sun Mar 26 20:31:33 KST 2017 : DbConn Instance Create!

Sun Mar 26 20:31:33 KST 2017 : auto set success!

Sun Mar 26 20:31:33 KST 2017 : Driver Search Success!

Sun Mar 26 20:31:33 KST 2017 : Conn Create Success!

Sun Mar 26 20:31:33 KST 2017 : PreparedStatement Create success!

Sun Mar 26 20:31:40 KST 2017 : DbConn Instance Create!

Sun Mar 26 20:31:40 KST 2017 : auto set success!

Sun Mar 26 20:31:40 KST 2017 : Driver Search Success!

Sun Mar 26 20:31:40 KST 2017 : Conn Create Success!

Sun Mar 26 20:31:40 KST 2017 : PreparedStatement Create success!

Sun Mar 26 20:31:45 KST 2017 : DbConn Instance Create!

Sun Mar 26 20:31:45 KST 2017 : auto set success!

Sun Mar 26 20:31:45 KST 2017 : Driver Search Success!

Sun Mar 26 20:31:45 KST 2017 : Conn Create Success!

Sun Mar 26 20:31:45 KST 2017 : PreparedStatement Create success!

Sun Mar 26 20:42:02 KST 2017 : DbConn Instance Create!

Sun Mar 26 20:42:02 KST 2017 : auto set success!

Sun Mar 26 20:42:02 KST 2017 : Driver Search Success!

Sun Mar 26 20:42:02 KST 2017 :  Conn Create Fail = java.sql.SQLException: null,  message from server: "Host '14.32.19.246' is not allowed to connect to this MySQL server"

Sun Mar 26 20:43:08 KST 2017 : DbConn Instance Create!

Sun Mar 26 20:43:08 KST 2017 : auto set success!

Sun Mar 26 20:43:08 KST 2017 : Driver Search Success!

Sun Mar 26 20:43:08 KST 2017 :  Conn Create Fail = java.sql.SQLException: null,  message from server: "Host '14.32.19.246' is not allowed to connect to this MySQL server"

Sun Mar 26 20:44:30 KST 2017 : DbConn Instance Create!

Sun Mar 26 20:44:30 KST 2017 : auto set success!

Sun Mar 26 20:44:30 KST 2017 : Driver Search Success!

Sun Mar 26 20:44:30 KST 2017 : Conn Create Success!

Sun Mar 26 20:44:30 KST 2017 : PreparedStatement Create success!

Sun Mar 26 20:45:01 KST 2017 : DbConn Instance Create!

Sun Mar 26 20:45:01 KST 2017 : auto set success!

Sun Mar 26 20:45:01 KST 2017 : Driver Search Success!

Sun Mar 26 20:45:01 KST 2017 :  Conn Create Fail = java.sql.SQLException: null,  message from server: "Host '14.32.19.246' is not allowed to connect to this MySQL server"

Sun Mar 26 20:45:16 KST 2017 : DbConn Instance Create!

Sun Mar 26 20:45:16 KST 2017 : auto set success!

Sun Mar 26 20:45:16 KST 2017 : Driver Search Success!

Sun Mar 26 20:45:17 KST 2017 :  Conn Create Fail = com.mysql.jdbc.exceptions.jdbc4.CommunicationsException: Communications link failure

The last packet sent successfully to the server was 0 milliseconds ago. The driver has not received any packets from the server.

Sun Mar 26 20:56:08 KST 2017 : DbConn Instance Create!

Sun Mar 26 20:56:08 KST 2017 : auto set success!

Sun Mar 26 20:56:08 KST 2017 : Driver Search Success!

Sun Mar 26 20:56:08 KST 2017 :  Conn Create Fail = java.sql.SQLException: Access denied for user 'root'@'localhost' (using password: YES)

Sun Mar 26 20:56:29 KST 2017 : DbConn Instance Create!

Sun Mar 26 20:56:29 KST 2017 : auto set success!

Sun Mar 26 20:56:29 KST 2017 : Driver Search Success!

Sun Mar 26 20:56:29 KST 2017 :  Conn Create Fail = java.sql.SQLException: Access denied for user 'root'@'localhost' (using password: YES)

Sun Mar 26 20:56:33 KST 2017 : DbConn Instance Create!

Sun Mar 26 20:56:33 KST 2017 : auto set success!

Sun Mar 26 20:56:33 KST 2017 : Driver Search Success!

Sun Mar 26 20:56:33 KST 2017 :  Conn Create Fail = java.sql.SQLException: Access denied for user 'root'@'localhost' (using password: YES)

Sun Mar 26 20:56:45 KST 2017 : DbConn Instance Create!

Sun Mar 26 20:56:45 KST 2017 : auto set success!

Sun Mar 26 20:56:45 KST 2017 : Driver Search Success!

Sun Mar 26 20:56:45 KST 2017 :  Conn Create Fail = java.sql.SQLException: Access denied for user 'root'@'localhost' (using password: YES)

Sun Mar 26 20:57:27 KST 2017 : DbConn Instance Create!

Sun Mar 26 20:57:27 KST 2017 : auto set success!

Sun Mar 26 20:57:27 KST 2017 : Driver Search Success!

Sun Mar 26 20:57:27 KST 2017 : Conn Create Success!

Sun Mar 26 20:57:27 KST 2017 : PreparedStatement Create success!

Sun Mar 26 20:57:42 KST 2017 : DbConn Instance Create!

Sun Mar 26 20:57:42 KST 2017 : auto set success!

Sun Mar 26 20:57:42 KST 2017 : Driver Search Success!

Sun Mar 26 20:57:42 KST 2017 : Conn Create Success!

Sun Mar 26 20:57:42 KST 2017 : PreparedStatement Create success!

Sun Mar 26 20:57:57 KST 2017 : DbConn Instance Create!

Sun Mar 26 20:57:57 KST 2017 : auto set success!

Sun Mar 26 20:57:57 KST 2017 : Driver Search Success!

Sun Mar 26 20:57:57 KST 2017 : Conn Create Success!

Sun Mar 26 20:57:57 KST 2017 : PreparedStatement Create success!

Sun Mar 26 20:58:03 KST 2017 : DbConn Instance Create!

Sun Mar 26 20:58:03 KST 2017 : auto set success!

Sun Mar 26 20:58:03 KST 2017 : Driver Search Success!

Sun Mar 26 20:58:03 KST 2017 : Conn Create Success!

Sun Mar 26 20:58:03 KST 2017 : PreparedStatement Create success!

Sun Mar 26 20:58:06 KST 2017 : DbConn Instance Create!

Sun Mar 26 20:58:06 KST 2017 : auto set success!

Sun Mar 26 20:58:06 KST 2017 : Driver Search Success!

Sun Mar 26 20:58:06 KST 2017 : Conn Create Success!

Sun Mar 26 20:58:06 KST 2017 : PreparedStatement Create success!

Sun Mar 26 20:58:07 KST 2017 : DbConn Instance Create!

Sun Mar 26 20:58:07 KST 2017 : auto set success!

Sun Mar 26 20:58:07 KST 2017 : Driver Search Success!

Sun Mar 26 20:58:07 KST 2017 : Conn Create Success!

Sun Mar 26 20:58:07 KST 2017 : PreparedStatement Create success!

Sun Mar 26 20:58:09 KST 2017 : DbConn Instance Create!

Sun Mar 26 20:58:09 KST 2017 : auto set success!

Sun Mar 26 20:58:09 KST 2017 : Driver Search Success!

Sun Mar 26 20:58:09 KST 2017 : Conn Create Success!

Sun Mar 26 20:58:09 KST 2017 : PreparedStatement Create success!

Sun Mar 26 20:58:14 KST 2017 : DbConn Instance Create!

Sun Mar 26 20:58:14 KST 2017 : auto set success!

Sun Mar 26 20:58:14 KST 2017 : Driver Search Success!

Sun Mar 26 20:58:14 KST 2017 : Conn Create Success!

Sun Mar 26 20:58:14 KST 2017 : PreparedStatement Create success!

Sun Mar 26 20:58:16 KST 2017 : DbConn Instance Create!

Sun Mar 26 20:58:16 KST 2017 : auto set success!

Sun Mar 26 20:58:16 KST 2017 : Driver Search Success!

Sun Mar 26 20:58:16 KST 2017 : Conn Create Success!

Sun Mar 26 20:58:16 KST 2017 : PreparedStatement Create success!

Sun Mar 26 21:23:09 KST 2017 : DbConn Instance Create!

Sun Mar 26 21:23:09 KST 2017 : auto set success!

Sun Mar 26 21:23:09 KST 2017 : Driver Search Success!

Sun Mar 26 21:23:09 KST 2017 : Conn Create Success!

Sun Mar 26 21:23:09 KST 2017 : PreparedStatement Create success!

Sun Mar 26 21:23:20 KST 2017 : DbConn Instance Create!

Sun Mar 26 21:23:20 KST 2017 : auto set success!

Sun Mar 26 21:23:20 KST 2017 : Driver Search Success!

Sun Mar 26 21:23:20 KST 2017 : Conn Create Success!

Sun Mar 26 21:23:20 KST 2017 : PreparedStatement Create success!

Sun Mar 26 21:23:21 KST 2017 : DbConn Instance Create!

Sun Mar 26 21:23:21 KST 2017 : auto set success!

Sun Mar 26 21:23:21 KST 2017 : Driver Search Success!

Sun Mar 26 21:23:21 KST 2017 : Conn Create Success!

Sun Mar 26 21:23:21 KST 2017 : PreparedStatement Create success!

Sun Mar 26 21:23:32 KST 2017 : DbConn Instance Create!

Sun Mar 26 21:23:32 KST 2017 : auto set success!

Sun Mar 26 21:23:32 KST 2017 : Driver Search Success!

Sun Mar 26 21:23:32 KST 2017 :  Conn Create Fail = com.mysql.jdbc.exceptions.jdbc4.MySQLNonTransientConnectionException: Cannot load connection class because of underlying exception: 'java.lang.NumberFormatException: For input string: "14.32.19.246"'.

Sun Mar 26 21:24:07 KST 2017 : DbConn Instance Create!

Sun Mar 26 21:24:07 KST 2017 : auto set success!

Sun Mar 26 21:24:07 KST 2017 : Driver Search Success!

Sun Mar 26 21:24:07 KST 2017 :  Conn Create Fail = com.mysql.jdbc.exceptions.jdbc4.MySQLNonTransientConnectionException: Cannot load connection class because of underlying exception: 'java.lang.NumberFormatException: For input string: "14.32.19.246"'.

Sun Mar 26 21:24:16 KST 2017 : DbConn Instance Create!

Sun Mar 26 21:24:16 KST 2017 : auto set success!

Sun Mar 26 21:24:16 KST 2017 : Driver Search Success!

Sun Mar 26 21:24:16 KST 2017 :  Conn Create Fail = com.mysql.jdbc.exceptions.jdbc4.MySQLNonTransientConnectionException: Cannot load connection class because of underlying exception: 'java.lang.NumberFormatException: For input string: "14.32.19.246"'.

Sun Mar 26 22:00:27 KST 2017 : DbConn Instance Create!

Sun Mar 26 22:00:27 KST 2017 : auto set success!

Sun Mar 26 22:00:27 KST 2017 : Driver Search Success!

Sun Mar 26 22:00:27 KST 2017 :  Conn Create Fail = com.mysql.jdbc.exceptions.jdbc4.MySQLNonTransientConnectionException: Cannot load connection class because of underlying exception: 'java.lang.NumberFormatException: For input string: "14.32.19.246"'.

Sun Mar 26 22:00:53 KST 2017 : DbConn Instance Create!

Sun Mar 26 22:00:53 KST 2017 : auto set success!

Sun Mar 26 22:00:53 KST 2017 : Driver Search Success!

Sun Mar 26 22:00:53 KST 2017 :  Conn Create Fail = java.sql.SQLException: Access denied for user 'root'@'14.32.19.246' (using password: YES)

Sun Mar 26 22:07:03 KST 2017 : DbConn Instance Create!

Sun Mar 26 22:07:03 KST 2017 : auto set success!

Sun Mar 26 22:07:03 KST 2017 : Driver Search Success!

Sun Mar 26 22:07:03 KST 2017 : Conn Create Success!

Sun Mar 26 22:07:03 KST 2017 : PreparedStatement Create success!

Sun Mar 26 22:08:08 KST 2017 : DbConn Instance Create!

Sun Mar 26 22:08:08 KST 2017 : auto set success!

Sun Mar 26 22:08:08 KST 2017 : Driver Search Success!

Sun Mar 26 22:08:08 KST 2017 : Conn Create Success!

Sun Mar 26 22:08:08 KST 2017 : PreparedStatement Create success!

Mon Mar 27 01:20:32 KST 2017 : DbConn Instance Create!

Mon Mar 27 01:20:32 KST 2017 : auto set success!

Mon Mar 27 01:20:32 KST 2017 : Driver Search Success!

Mon Mar 27 01:20:33 KST 2017 : Conn Create Success!

Mon Mar 27 01:20:33 KST 2017 : PreparedStatement Create success!

Mon Mar 27 01:21:36 KST 2017 : DbConn Instance Create!

Mon Mar 27 01:21:36 KST 2017 : auto set success!

Mon Mar 27 01:21:36 KST 2017 : Driver Search Success!

Mon Mar 27 01:21:36 KST 2017 : Conn Create Success!

Mon Mar 27 01:21:36 KST 2017 : PreparedStatement Create success!

Mon Mar 27 01:23:03 KST 2017 : DbConn Instance Create!

Mon Mar 27 01:23:03 KST 2017 : auto set success!

Mon Mar 27 01:23:03 KST 2017 : Driver Search Success!

Mon Mar 27 01:23:03 KST 2017 : Conn Create Success!

Mon Mar 27 01:23:03 KST 2017 : PreparedStatement Create success!

Mon Mar 27 01:31:26 KST 2017 : DbConn Instance Create!

Mon Mar 27 01:31:26 KST 2017 : auto set success!

Mon Mar 27 01:31:26 KST 2017 : Driver Search Success!

Mon Mar 27 01:31:26 KST 2017 : Conn Create Success!

Mon Mar 27 01:31:26 KST 2017 : PreparedStatement Create success!

Mon Mar 27 01:33:01 KST 2017 : DbConn Instance Create!

Mon Mar 27 01:33:01 KST 2017 : auto set success!

Mon Mar 27 01:33:01 KST 2017 : Driver Search Success!

Mon Mar 27 01:33:01 KST 2017 : Conn Create Success!

Mon Mar 27 01:33:01 KST 2017 : PreparedStatement Create success!

Mon Mar 27 01:33:38 KST 2017 : DbConn Instance Create!

Mon Mar 27 01:33:38 KST 2017 : auto set success!

Mon Mar 27 01:33:38 KST 2017 : Driver Search Success!

Mon Mar 27 01:33:38 KST 2017 : Conn Create Success!

Mon Mar 27 01:33:38 KST 2017 : PreparedStatement Create success!

Mon Mar 27 01:43:05 KST 2017 : DbConn Instance Create!

Mon Mar 27 01:43:05 KST 2017 : auto set success!

Mon Mar 27 01:43:05 KST 2017 : Driver Search Success!

Mon Mar 27 01:43:05 KST 2017 : Conn Create Success!

Mon Mar 27 01:43:05 KST 2017 : PreparedStatement Create success!

Mon Mar 27 01:47:11 KST 2017 : DbConn Instance Create!

Mon Mar 27 01:47:11 KST 2017 : auto set success!

Mon Mar 27 01:47:11 KST 2017 : Driver Search Success!

Mon Mar 27 01:47:11 KST 2017 : Conn Create Success!

Mon Mar 27 01:47:11 KST 2017 : PreparedStatement Create success!

Mon Mar 27 21:47:35 KST 2017 : DbConn Instance Create!

Mon Mar 27 21:47:35 KST 2017 : auto set success!

Mon Mar 27 21:47:35 KST 2017 : Driver Search Success!

Mon Mar 27 21:47:35 KST 2017 : Conn Create Success!

Mon Mar 27 21:47:35 KST 2017 : PreparedStatement Create success!

Mon Mar 27 21:49:54 KST 2017 : DbConn Instance Create!

Mon Mar 27 21:49:54 KST 2017 : auto set success!

Mon Mar 27 21:49:54 KST 2017 : Driver Search Success!

Mon Mar 27 21:49:55 KST 2017 : Conn Create Success!

Mon Mar 27 21:49:55 KST 2017 : PreparedStatement Create success!

Mon Mar 27 21:52:38 KST 2017 : DbConn Instance Create!

Mon Mar 27 21:52:38 KST 2017 : auto set success!

Mon Mar 27 21:52:38 KST 2017 : Driver Search Success!

Mon Mar 27 21:52:38 KST 2017 : Conn Create Success!

Mon Mar 27 21:52:38 KST 2017 : PreparedStatement Create success!

Mon Mar 27 22:05:46 KST 2017 : DbConn Instance Create!

Mon Mar 27 22:05:46 KST 2017 : auto set success!

Mon Mar 27 22:05:47 KST 2017 : Driver Search Success!

Mon Mar 27 22:05:47 KST 2017 : Conn Create Success!

Mon Mar 27 22:05:47 KST 2017 : PreparedStatement Create success!

Mon Mar 27 22:07:10 KST 2017 : DbConn Instance Create!

Mon Mar 27 22:07:10 KST 2017 : auto set success!

Mon Mar 27 22:07:10 KST 2017 : Driver Search Success!

Mon Mar 27 22:07:10 KST 2017 : Conn Create Success!

Mon Mar 27 22:07:10 KST 2017 : PreparedStatement Create success!

Mon Mar 27 22:22:31 KST 2017 : DbConn Instance Create!

Mon Mar 27 22:22:31 KST 2017 : auto set success!

Mon Mar 27 22:22:31 KST 2017 : Driver Search Success!

Mon Mar 27 22:22:32 KST 2017 : Conn Create Success!

Mon Mar 27 22:22:32 KST 2017 : PreparedStatement Create success!

Mon Mar 27 22:23:00 KST 2017 : DbConn Instance Create!

Mon Mar 27 22:23:00 KST 2017 : auto set success!

Mon Mar 27 22:23:00 KST 2017 : Driver Search Success!

Mon Mar 27 22:23:00 KST 2017 : Conn Create Success!

Mon Mar 27 22:23:00 KST 2017 : PreparedStatement Create success!

Mon Mar 27 22:23:26 KST 2017 : DbConn Instance Create!

Mon Mar 27 22:23:27 KST 2017 : auto set success!

Mon Mar 27 22:23:27 KST 2017 : Driver Search Success!

Mon Mar 27 22:23:27 KST 2017 : Conn Create Success!

Mon Mar 27 22:23:27 KST 2017 : PreparedStatement Create success!

Mon Mar 27 22:26:42 KST 2017 : DbConn Instance Create!

Mon Mar 27 22:26:42 KST 2017 : auto set success!

Mon Mar 27 22:26:42 KST 2017 : Driver Search Success!

Mon Mar 27 22:26:42 KST 2017 : Conn Create Success!

Mon Mar 27 22:26:42 KST 2017 : PreparedStatement Create success!

Mon Mar 27 22:27:03 KST 2017 : DbConn Instance Create!

Mon Mar 27 22:27:03 KST 2017 : auto set success!

Mon Mar 27 22:27:03 KST 2017 : Driver Search Success!

Mon Mar 27 22:27:04 KST 2017 : Conn Create Success!

Mon Mar 27 22:27:04 KST 2017 : PreparedStatement Create success!

Mon Mar 27 22:30:45 KST 2017 : DbConn Instance Create!

Mon Mar 27 22:30:45 KST 2017 : auto set success!

Mon Mar 27 22:30:45 KST 2017 : Driver Search Success!

Mon Mar 27 22:30:45 KST 2017 : Conn Create Success!

Mon Mar 27 22:30:45 KST 2017 : PreparedStatement Create success!

Mon Mar 27 22:39:48 KST 2017 : DbConn Instance Create!

Mon Mar 27 22:39:48 KST 2017 : auto set success!

Mon Mar 27 22:39:48 KST 2017 : Driver Search Success!

Mon Mar 27 22:39:48 KST 2017 : Conn Create Success!

Mon Mar 27 22:39:48 KST 2017 : PreparedStatement Create success!

Mon Mar 27 22:42:29 KST 2017 : DbConn Instance Create!

Mon Mar 27 22:42:29 KST 2017 : auto set success!

Mon Mar 27 22:42:29 KST 2017 : Driver Search Success!

Mon Mar 27 22:42:29 KST 2017 : Conn Create Success!

Mon Mar 27 22:42:29 KST 2017 : PreparedStatement Create success!

Mon Mar 27 22:42:54 KST 2017 : DbConn Instance Create!

Mon Mar 27 22:42:54 KST 2017 : auto set success!

Mon Mar 27 22:42:54 KST 2017 : Driver Search Success!

Mon Mar 27 22:42:54 KST 2017 : Conn Create Success!

Mon Mar 27 22:42:54 KST 2017 : PreparedStatement Create success!

Mon Mar 27 22:44:33 KST 2017 : DbConn Instance Create!

Mon Mar 27 22:44:33 KST 2017 : auto set success!

Mon Mar 27 22:44:33 KST 2017 : Driver Search Success!

Mon Mar 27 22:44:33 KST 2017 : Conn Create Success!

Mon Mar 27 22:44:33 KST 2017 : PreparedStatement Create success!

Mon Mar 27 22:44:57 KST 2017 : DbConn Instance Create!

Mon Mar 27 22:44:57 KST 2017 : auto set success!

Mon Mar 27 22:44:57 KST 2017 : Driver Search Success!

Mon Mar 27 22:44:57 KST 2017 : Conn Create Success!

Mon Mar 27 22:44:57 KST 2017 : PreparedStatement Create success!

Mon Mar 27 22:45:45 KST 2017 : DbConn Instance Create!

Mon Mar 27 22:45:45 KST 2017 : auto set success!

Mon Mar 27 22:45:45 KST 2017 : Driver Search Success!

Mon Mar 27 22:45:45 KST 2017 : Conn Create Success!

Mon Mar 27 22:45:45 KST 2017 : PreparedStatement Create success!

Mon Mar 27 22:46:12 KST 2017 : DbConn Instance Create!

Mon Mar 27 22:46:12 KST 2017 : auto set success!

Mon Mar 27 22:46:12 KST 2017 : Driver Search Success!

Mon Mar 27 22:46:12 KST 2017 : Conn Create Success!

Mon Mar 27 22:46:12 KST 2017 : PreparedStatement Create success!

Tue Mar 28 07:18:26 KST 2017 : DbConn Instance Create!

Tue Mar 28 07:18:26 KST 2017 : auto set success!

Tue Mar 28 07:18:26 KST 2017 : Driver Search Success!

Tue Mar 28 07:18:26 KST 2017 : Conn Create Success!

Tue Mar 28 07:18:26 KST 2017 : PreparedStatement Create success!

Tue Mar 28 07:19:25 KST 2017 : DbConn Instance Create!

Tue Mar 28 07:19:25 KST 2017 : auto set success!

Tue Mar 28 07:19:25 KST 2017 : Driver Search Success!

Tue Mar 28 07:19:25 KST 2017 : Conn Create Success!

Tue Mar 28 07:19:25 KST 2017 : PreparedStatement Create success!

Tue Mar 28 07:47:17 KST 2017 : DbConn Instance Create!

Tue Mar 28 07:47:17 KST 2017 : auto set success!

Tue Mar 28 07:47:17 KST 2017 : Driver Search Success!

Tue Mar 28 07:47:17 KST 2017 : Conn Create Success!

Tue Mar 28 07:47:17 KST 2017 : PreparedStatement Create success!

Tue Mar 28 07:48:38 KST 2017 : DbConn Instance Create!

Tue Mar 28 07:48:38 KST 2017 : auto set success!

Tue Mar 28 07:48:38 KST 2017 : Driver Search Success!

Tue Mar 28 07:48:38 KST 2017 : Conn Create Success!

Tue Mar 28 07:48:38 KST 2017 : PreparedStatement Create success!

Tue Mar 28 07:51:01 KST 2017 : DbConn Instance Create!

Tue Mar 28 07:51:01 KST 2017 : auto set success!

Tue Mar 28 07:51:01 KST 2017 : Driver Search Success!

Tue Mar 28 07:51:01 KST 2017 : Conn Create Success!

Tue Mar 28 07:51:01 KST 2017 : PreparedStatement Create success!

Tue Mar 28 07:53:04 KST 2017 : DbConn Instance Create!

Tue Mar 28 07:53:04 KST 2017 : auto set success!

Tue Mar 28 07:53:04 KST 2017 : Driver Search Success!

Tue Mar 28 07:53:04 KST 2017 : Conn Create Success!

Tue Mar 28 07:53:04 KST 2017 : PreparedStatement Create success!

Tue Mar 28 07:53:26 KST 2017 : DbConn Instance Create!

Tue Mar 28 07:53:26 KST 2017 : auto set success!

Tue Mar 28 07:53:26 KST 2017 : Driver Search Success!

Tue Mar 28 07:53:26 KST 2017 : Conn Create Success!

Tue Mar 28 07:53:26 KST 2017 : PreparedStatement Create success!

Tue Mar 28 08:07:04 KST 2017 : DbConn Instance Create!

Tue Mar 28 08:07:04 KST 2017 : auto set success!

Tue Mar 28 08:07:04 KST 2017 : Driver Search Success!

Tue Mar 28 08:07:04 KST 2017 : Conn Create Success!

Tue Mar 28 08:07:04 KST 2017 : PreparedStatement Create success!

Tue Mar 28 08:07:57 KST 2017 : DbConn Instance Create!

Tue Mar 28 08:07:57 KST 2017 : auto set success!

Tue Mar 28 08:07:57 KST 2017 : Driver Search Success!

Tue Mar 28 08:07:57 KST 2017 : Conn Create Success!

Tue Mar 28 08:07:58 KST 2017 : PreparedStatement Create success!

Tue Mar 28 08:09:11 KST 2017 : DbConn Instance Create!

Tue Mar 28 08:09:11 KST 2017 : auto set success!

Tue Mar 28 08:09:11 KST 2017 : Driver Search Success!

Tue Mar 28 08:09:11 KST 2017 : Conn Create Success!

Tue Mar 28 08:09:11 KST 2017 : PreparedStatement Create success!

Tue Mar 28 08:09:40 KST 2017 : DbConn Instance Create!

Tue Mar 28 08:09:40 KST 2017 : auto set success!

Tue Mar 28 08:09:40 KST 2017 : Driver Search Success!

Tue Mar 28 08:09:40 KST 2017 : Conn Create Success!

Tue Mar 28 08:09:40 KST 2017 : PreparedStatement Create success!

Tue Mar 28 08:11:50 KST 2017 : DbConn Instance Create!

Tue Mar 28 08:11:50 KST 2017 : auto set success!

Tue Mar 28 08:11:50 KST 2017 : Driver Search Success!

Tue Mar 28 08:11:50 KST 2017 : Conn Create Success!

Tue Mar 28 08:11:50 KST 2017 : PreparedStatement Create success!

Tue Mar 28 08:12:31 KST 2017 : DbConn Instance Create!

Tue Mar 28 08:12:31 KST 2017 : auto set success!

Tue Mar 28 08:12:31 KST 2017 : Driver Search Success!

Tue Mar 28 08:12:32 KST 2017 : Conn Create Success!

Tue Mar 28 08:12:32 KST 2017 : PreparedStatement Create success!

Tue Mar 28 08:13:26 KST 2017 : DbConn Instance Create!

Tue Mar 28 08:13:26 KST 2017 : auto set success!

Tue Mar 28 08:13:26 KST 2017 : Driver Search Success!

Tue Mar 28 08:13:26 KST 2017 : Conn Create Success!

Tue Mar 28 08:13:26 KST 2017 : PreparedStatement Create success!

Tue Mar 28 08:14:00 KST 2017 : DbConn Instance Create!

Tue Mar 28 08:14:00 KST 2017 : auto set success!

Tue Mar 28 08:14:00 KST 2017 : Driver Search Success!

Tue Mar 28 08:14:00 KST 2017 : Conn Create Success!

Tue Mar 28 08:14:00 KST 2017 : PreparedStatement Create success!

Tue Mar 28 08:15:45 KST 2017 : DbConn Instance Create!

Tue Mar 28 08:15:45 KST 2017 : auto set success!

Tue Mar 28 08:15:45 KST 2017 : Driver Search Success!

Tue Mar 28 08:15:45 KST 2017 : Conn Create Success!

Tue Mar 28 08:15:45 KST 2017 : PreparedStatement Create success!

Tue Mar 28 08:16:54 KST 2017 : DbConn Instance Create!

Tue Mar 28 08:16:54 KST 2017 : auto set success!

Tue Mar 28 08:16:54 KST 2017 : Driver Search Success!

Tue Mar 28 08:16:54 KST 2017 : Conn Create Success!

Tue Mar 28 08:16:54 KST 2017 : PreparedStatement Create success!

Tue Mar 28 08:17:37 KST 2017 : DbConn Instance Create!

Tue Mar 28 08:17:37 KST 2017 : auto set success!

Tue Mar 28 08:17:37 KST 2017 : Driver Search Success!

Tue Mar 28 08:17:37 KST 2017 : Conn Create Success!

Tue Mar 28 08:17:37 KST 2017 : PreparedStatement Create success!

Tue Mar 28 08:24:18 KST 2017 : DbConn Instance Create!

Tue Mar 28 08:24:18 KST 2017 : auto set success!

Tue Mar 28 08:24:18 KST 2017 : Driver Search Success!

Tue Mar 28 08:24:18 KST 2017 : Conn Create Success!

Tue Mar 28 08:24:18 KST 2017 : PreparedStatement Create success!

Tue Mar 28 08:34:43 KST 2017 : DbConn Instance Create!

Tue Mar 28 08:34:43 KST 2017 : auto set success!

Tue Mar 28 08:34:43 KST 2017 : Driver Search Success!

Tue Mar 28 08:34:44 KST 2017 : Conn Create Success!

Tue Mar 28 08:34:44 KST 2017 : PreparedStatement Create success!

Tue Mar 28 08:35:11 KST 2017 : DbConn Instance Create!

Tue Mar 28 08:35:11 KST 2017 : auto set success!

Tue Mar 28 08:35:11 KST 2017 : Driver Search Success!

Tue Mar 28 08:35:11 KST 2017 : Conn Create Success!

Tue Mar 28 08:35:11 KST 2017 : PreparedStatement Create success!

Tue Mar 28 08:36:07 KST 2017 : DbConn Instance Create!

Tue Mar 28 08:36:07 KST 2017 : auto set success!

Tue Mar 28 08:36:07 KST 2017 : Driver Search Success!

Tue Mar 28 08:36:07 KST 2017 : Conn Create Success!

Tue Mar 28 08:36:07 KST 2017 : PreparedStatement Create success!

Tue Mar 28 08:36:35 KST 2017 : DbConn Instance Create!

Tue Mar 28 08:36:35 KST 2017 : auto set success!

Tue Mar 28 08:36:35 KST 2017 : Driver Search Success!

Tue Mar 28 08:36:35 KST 2017 : Conn Create Success!

Tue Mar 28 08:36:35 KST 2017 : PreparedStatement Create success!

Tue Mar 28 08:37:37 KST 2017 : DbConn Instance Create!

Tue Mar 28 08:37:37 KST 2017 : auto set success!

Tue Mar 28 08:37:37 KST 2017 : Driver Search Success!

Tue Mar 28 08:37:37 KST 2017 : Conn Create Success!

Tue Mar 28 08:37:37 KST 2017 : PreparedStatement Create success!

Tue Mar 28 08:39:02 KST 2017 : DbConn Instance Create!

Tue Mar 28 08:39:02 KST 2017 : auto set success!

Tue Mar 28 08:39:02 KST 2017 : Driver Search Success!

Tue Mar 28 08:39:02 KST 2017 : Conn Create Success!

Tue Mar 28 08:39:02 KST 2017 : PreparedStatement Create success!

Tue Mar 28 08:41:57 KST 2017 : DbConn Instance Create!

Tue Mar 28 08:41:57 KST 2017 : auto set success!

Tue Mar 28 08:41:57 KST 2017 : Driver Search Success!

Tue Mar 28 08:41:57 KST 2017 : Conn Create Success!

Tue Mar 28 08:41:57 KST 2017 : PreparedStatement Create success!

Tue Mar 28 08:43:25 KST 2017 : DbConn Instance Create!

Tue Mar 28 08:43:25 KST 2017 : auto set success!

Tue Mar 28 08:43:25 KST 2017 : Driver Search Success!

Tue Mar 28 08:43:25 KST 2017 : Conn Create Success!

Tue Mar 28 08:43:25 KST 2017 : PreparedStatement Create success!

Tue Mar 28 08:53:32 KST 2017 : DbConn Instance Create!

Tue Mar 28 08:53:32 KST 2017 : auto set success!

Tue Mar 28 08:53:32 KST 2017 : Driver Search Success!

Tue Mar 28 08:53:32 KST 2017 : Conn Create Success!

Tue Mar 28 08:53:32 KST 2017 : PreparedStatement Create success!

Tue Mar 28 08:59:29 KST 2017 : DbConn Instance Create!

Tue Mar 28 08:59:29 KST 2017 : auto set success!

Tue Mar 28 08:59:29 KST 2017 : Driver Search Success!

Tue Mar 28 08:59:29 KST 2017 : Conn Create Success!

Tue Mar 28 08:59:29 KST 2017 : PreparedStatement Create success!

Tue Mar 28 09:07:04 KST 2017 : DbConn Instance Create!

Tue Mar 28 09:07:04 KST 2017 : auto set success!

Tue Mar 28 09:07:04 KST 2017 : Driver Search Success!

Tue Mar 28 09:07:05 KST 2017 : Conn Create Success!

Tue Mar 28 09:07:05 KST 2017 : PreparedStatement Create success!

Tue Mar 28 09:08:59 KST 2017 : DbConn Instance Create!

Tue Mar 28 09:08:59 KST 2017 : auto set success!

Tue Mar 28 09:08:59 KST 2017 : Driver Search Success!

Tue Mar 28 09:08:59 KST 2017 : Conn Create Success!

Tue Mar 28 09:08:59 KST 2017 : PreparedStatement Create success!

Tue Mar 28 09:10:01 KST 2017 : DbConn Instance Create!

Tue Mar 28 09:10:01 KST 2017 : auto set success!

Tue Mar 28 09:10:01 KST 2017 : Driver Search Success!

Tue Mar 28 09:10:01 KST 2017 : Conn Create Success!

Tue Mar 28 09:10:01 KST 2017 : PreparedStatement Create success!

Tue Mar 28 09:10:23 KST 2017 : DbConn Instance Create!

Tue Mar 28 09:10:23 KST 2017 : auto set success!

Tue Mar 28 09:10:23 KST 2017 : Driver Search Success!

Tue Mar 28 09:10:23 KST 2017 : Conn Create Success!

Tue Mar 28 09:10:23 KST 2017 : PreparedStatement Create success!

Tue Mar 28 09:10:38 KST 2017 : DbConn Instance Create!

Tue Mar 28 09:10:38 KST 2017 : auto set success!

Tue Mar 28 09:10:38 KST 2017 : Driver Search Success!

Tue Mar 28 09:10:38 KST 2017 : Conn Create Success!

Tue Mar 28 09:10:38 KST 2017 : PreparedStatement Create success!

Tue Mar 28 09:10:42 KST 2017 : DbConn Instance Create!

Tue Mar 28 09:10:42 KST 2017 : auto set success!

Tue Mar 28 09:10:42 KST 2017 : Driver Search Success!

Tue Mar 28 09:10:42 KST 2017 : Conn Create Success!

Tue Mar 28 09:10:42 KST 2017 : PreparedStatement Create success!

Tue Mar 28 16:22:28 KST 2017 : DbConn Instance Create!

Tue Mar 28 16:22:28 KST 2017 : auto set success!

Tue Mar 28 16:22:28 KST 2017 : Driver Search Success!

Tue Mar 28 16:22:28 KST 2017 : Conn Create Success!

Tue Mar 28 16:22:29 KST 2017 : PreparedStatement Create success!

Tue Mar 28 16:23:57 KST 2017 : DbConn Instance Create!

Tue Mar 28 16:23:57 KST 2017 : auto set success!

Tue Mar 28 16:23:57 KST 2017 : Driver Search Success!

Tue Mar 28 16:23:57 KST 2017 : Conn Create Success!

Tue Mar 28 16:23:57 KST 2017 : PreparedStatement Create success!

Tue Mar 28 16:24:56 KST 2017 : DbConn Instance Create!

Tue Mar 28 16:24:56 KST 2017 : auto set success!

Tue Mar 28 16:24:56 KST 2017 : Driver Search Success!

Tue Mar 28 16:24:56 KST 2017 : Conn Create Success!

Tue Mar 28 16:24:56 KST 2017 : PreparedStatement Create success!

Tue Mar 28 16:25:37 KST 2017 : DbConn Instance Create!

Tue Mar 28 16:25:37 KST 2017 : auto set success!

Tue Mar 28 16:25:37 KST 2017 : Driver Search Success!

Tue Mar 28 16:25:37 KST 2017 : Conn Create Success!

Tue Mar 28 16:25:37 KST 2017 : PreparedStatement Create success!

Tue Mar 28 17:28:04 KST 2017 : DbConn Instance Create!

Tue Mar 28 17:28:04 KST 2017 : auto set success!

Tue Mar 28 17:28:04 KST 2017 : Driver Search Success!

Tue Mar 28 17:28:05 KST 2017 : Conn Create Success!

Tue Mar 28 17:28:05 KST 2017 : PreparedStatement Create success!

Tue Mar 28 17:29:30 KST 2017 : DbConn Instance Create!

Tue Mar 28 17:29:30 KST 2017 : auto set success!

Tue Mar 28 17:29:30 KST 2017 : Driver Search Success!

Tue Mar 28 17:29:30 KST 2017 : Conn Create Success!

Tue Mar 28 17:29:30 KST 2017 : PreparedStatement Create success!

Tue Mar 28 17:45:36 KST 2017 : DbConn Instance Create!

Tue Mar 28 17:45:36 KST 2017 : auto set success!

Tue Mar 28 17:45:36 KST 2017 : Driver Search Success!

Tue Mar 28 17:45:36 KST 2017 : Conn Create Success!

Tue Mar 28 17:45:36 KST 2017 : PreparedStatement Create success!

Tue Mar 28 18:12:59 KST 2017 : DbConn Instance Create!

Tue Mar 28 18:12:59 KST 2017 : auto set success!

Tue Mar 28 18:12:59 KST 2017 : Driver Search Success!

Tue Mar 28 18:12:59 KST 2017 : Conn Create Success!

Tue Mar 28 18:12:59 KST 2017 : PreparedStatement Create success!

Tue Mar 28 18:30:30 KST 2017 : DbConn Instance Create!

Tue Mar 28 18:30:30 KST 2017 : auto set success!

Tue Mar 28 18:30:30 KST 2017 : Driver Search Success!

Tue Mar 28 18:30:30 KST 2017 : Conn Create Success!

Tue Mar 28 18:30:30 KST 2017 : PreparedStatement Create success!

Tue Mar 28 18:31:20 KST 2017 : DbConn Instance Create!

Tue Mar 28 18:31:20 KST 2017 : auto set success!

Tue Mar 28 18:31:20 KST 2017 : Driver Search Success!

Tue Mar 28 18:31:20 KST 2017 : Conn Create Success!

Tue Mar 28 18:31:20 KST 2017 : PreparedStatement Create success!

Tue Mar 28 18:48:22 KST 2017 : DbConn Instance Create!

Tue Mar 28 18:48:22 KST 2017 : auto set success!

Tue Mar 28 18:48:22 KST 2017 : Driver Search Success!

Tue Mar 28 18:48:22 KST 2017 : Conn Create Success!

Tue Mar 28 18:48:22 KST 2017 : PreparedStatement Create success!

Tue Mar 28 19:48:48 KST 2017 : DbConn Instance Create!

Tue Mar 28 19:48:48 KST 2017 : auto set success!

Tue Mar 28 19:48:48 KST 2017 : Driver Search Success!

Tue Mar 28 19:48:49 KST 2017 : Conn Create Success!

Tue Mar 28 19:48:49 KST 2017 : PreparedStatement Create success!

Wed Mar 29 00:50:05 KST 2017 : DbConn Instance Create!

Wed Mar 29 00:50:05 KST 2017 : auto set success!

Wed Mar 29 00:50:05 KST 2017 : Driver Search Success!

Wed Mar 29 00:50:05 KST 2017 : Conn Create Success!

Wed Mar 29 00:50:05 KST 2017 : PreparedStatement Create success!

Wed Mar 29 01:26:45 KST 2017 : DbConn Instance Create!

Wed Mar 29 01:26:45 KST 2017 : auto set success!

Wed Mar 29 01:26:45 KST 2017 : Driver Search Success!

Wed Mar 29 01:26:45 KST 2017 : Conn Create Success!

Wed Mar 29 01:26:45 KST 2017 : PreparedStatement Create success!

Wed Mar 29 02:01:18 KST 2017 : DbConn Instance Create!

Wed Mar 29 02:01:18 KST 2017 : auto set success!

Wed Mar 29 02:01:18 KST 2017 : Driver Search Success!

Wed Mar 29 02:01:19 KST 2017 : Conn Create Success!

Wed Mar 29 02:01:19 KST 2017 : PreparedStatement Create success!

Wed Mar 29 03:05:53 KST 2017 : DbConn Instance Create!

Wed Mar 29 03:05:53 KST 2017 : auto set success!

Wed Mar 29 03:05:53 KST 2017 : Driver Search Success!

Wed Mar 29 03:05:53 KST 2017 : Conn Create Success!

Wed Mar 29 03:05:53 KST 2017 : PreparedStatement Create success!

Wed Mar 29 03:14:30 KST 2017 : DbConn Instance Create!

Wed Mar 29 03:14:30 KST 2017 : auto set success!

Wed Mar 29 03:14:30 KST 2017 : Driver Search Success!

Wed Mar 29 03:14:30 KST 2017 : Conn Create Success!

Wed Mar 29 03:14:30 KST 2017 : PreparedStatement Create success!

Wed Mar 29 03:16:35 KST 2017 : DbConn Instance Create!

Wed Mar 29 03:16:35 KST 2017 : auto set success!

Wed Mar 29 03:16:35 KST 2017 : Driver Search Success!

Wed Mar 29 03:16:36 KST 2017 : Conn Create Success!

Wed Mar 29 03:16:36 KST 2017 : PreparedStatement Create success!

